-------------------------------------------------------------------------------
Test set: com.tetris.TestTetris3
-------------------------------------------------------------------------------
Tests run: 16, Failures: 3, Errors: 0, Skipped: 0, Time elapsed: 0.921 s <<< FAILURE! - in com.tetris.TestTetris3
testPieceDog_se_mueve_a_la_derecha_en_0_0(com.tetris.TestTetris3)  Time elapsed: 0 s  <<< FAILURE!
java.lang.AssertionError
	at com.tetris.TestTetris3.testPieceDog_se_mueve_a_la_derecha_en_0_0(TestTetris3.java:264)

testPieceDog_baja_dos_veces(com.tetris.TestTetris3)  Time elapsed: 0.002 s  <<< FAILURE!
java.lang.AssertionError
	at com.tetris.TestTetris3.testPieceDog_baja_dos_veces(TestTetris3.java:185)

testPieceDog_se_mueve_a_la_derecha(com.tetris.TestTetris3)  Time elapsed: 0.001 s  <<< FAILURE!
java.lang.AssertionError
	at com.tetris.TestTetris3.testPieceDog_se_mueve_a_la_derecha(TestTetris3.java:215)

