-------------------------------------------------------------------------------
Test set: com.tetris.TestTetris4
-------------------------------------------------------------------------------
Tests run: 9, Failures: 1, Errors: 0, Skipped: 0, Time elapsed: 0.006 s <<< FAILURE! - in com.tetris.TestTetris4
testPieceTNoPuedeBajarMas(com.tetris.TestTetris4)  Time elapsed: 0.001 s  <<< FAILURE!
java.lang.AssertionError: expected:<18> but was:<0>
	at com.tetris.TestTetris4.testPieceTNoPuedeBajarMas(TestTetris4.java:54)

