-------------------------------------------------------------------------------
Test set: com.tetris.TestTetris3
-------------------------------------------------------------------------------
Tests run: 16, Failures: 1, Errors: 0, Skipped: 0, Time elapsed: 0.943 s <<< FAILURE! - in com.tetris.TestTetris3
testPieceDog_Baja_dos_veces(com.tetris.TestTetris3)  Time elapsed: 0 s  <<< FAILURE!
java.lang.AssertionError
	at com.tetris.TestTetris3.testPieceDog_Baja_dos_veces(TestTetris3.java:156)

