<?xml version="1.0" encoding="UTF-8"?>
<testsuite xmlns:xsi="http://www.w3.org/2001/XMLSchema-instance" xsi:noNamespaceSchemaLocation="https://maven.apache.org/surefire/maven-surefire-plugin/xsd/surefire-test-report.xsd" name="com.tetris.TestTetris3" time="0.921" tests="16" errors="0" skipped="0" failures="3">
  <properties>
[...]
</properties>
  <testcase name="testPieceDog_se_mueve_a_la_derecha_dos_veces_y_va_a_la_izquierda" classname="com.tetris.TestTetris3" time="0"/>
  <testcase name="testPieceDogLeft_baja_dos_vece" classname="com.tetris.TestTetris3" time="0"/>
  <testcase name="test_clock_pieceL" classname="com.tetris.TestTetris3" time="0.095"/>
  <testcase name="test_clock_pieceT" classname="com.tetris.TestTetris3" time="0.102"/>
  <testcase name="testBoard" classname="com.tetris.TestTetris3" time="0"/>
  <testcase name="testClock" classname="com.tetris.TestTetris3" time="0.502"/>
  <testcase name="testPieceDog_se_mueve_a_la_derecha_en_0_0" classname="com.tetris.TestTetris3" time="0">
    <failure type="java.lang.AssertionError">java.lang.AssertionError
	at com.tetris.TestTetris3.testPieceDog_se_mueve_a_la_derecha_en_0_0(TestTetris3.java:264)
</failure>
  </testcase>
  <testcase name="test_clock_pieceSquare" classname="com.tetris.TestTetris3" time="0.106"/>
  <testcase name="testPieceDog_se_mueve_a_la_izquierda_en_0_0" classname="com.tetris.TestTetris3" time="0.001"/>
  <testcase name="testPieceDog_Baja_dos_veces" classname="com.tetris.TestTetris3" time="0.001"/>
  <testcase name="testPieceStick_baja_una_vez" classname="com.tetris.TestTetris3" time="0.001"/>
  <testcase name="testPieceDog_baja_dos_veces" classname="com.tetris.TestTetris3" time="0.002">
    <failure type="java.lang.AssertionError">java.lang.AssertionError
	at com.tetris.TestTetris3.testPieceDog_baja_dos_veces(TestTetris3.java:185)
</failure>
  </testcase>
  <testcase name="test_clock_pieceDog" classname="com.tetris.TestTetris3" time="0.104"/>
  <testcase name="testPieceStick_baja_dos_veces" classname="com.tetris.TestTetris3" time="0"/>
  <testcase name="testPieceDog_se_mueve_a_la_derecha" classname="com.tetris.TestTetris3" time="0.001">
    <failure type="java.lang.AssertionError">java.lang.AssertionError
	at com.tetris.TestTetris3.testPieceDog_se_mueve_a_la_derecha(TestTetris3.java:215)
</failure>
  </testcase>
  <testcase name="testPieceDog_se_mueve_a_la_izquierda" classname="com.tetris.TestTetris3" time="0.001"/>
</testsuite>