<?xml version="1.0" encoding="UTF-8"?>
<testsuite xmlns:xsi="http://www.w3.org/2001/XMLSchema-instance" xsi:noNamespaceSchemaLocation="https://maven.apache.org/surefire/maven-surefire-plugin/xsd/surefire-test-report.xsd" name="com.tetris.TestTetris1" time="0" tests="7" errors="0" skipped="0" failures="0">
  <properties>
[...]
</properties>
  <testcase name="la_piece_t_tiene_la_forma_correcta" classname="com.tetris.TestTetris1" time="0"/>
  <testcase name="la_piece_LRight_tiene_la_forma_correcta" classname="com.tetris.TestTetris1" time="0"/>
  <testcase name="la_piece_DogRight_tiene_la_forma_correcta" classname="com.tetris.TestTetris1" time="0"/>
  <testcase name="la_piece_Stick_tiene_la_forma_correcta" classname="com.tetris.TestTetris1" time="0"/>
  <testcase name="la_piece_LLeft_tiene_la_forma_correcta" classname="com.tetris.TestTetris1" time="0"/>
  <testcase name="la_piece_square_tiene_la_forma_correcta" classname="com.tetris.TestTetris1" time="0"/>
  <testcase name="la_piece_DogLeft_tiene_la_forma_correcta" classname="com.tetris.TestTetris1" time="0"/>
</testsuite>