<?xml version="1.0" encoding="UTF-8"?>
<testsuite xmlns:xsi="http://www.w3.org/2001/XMLSchema-instance" xsi:noNamespaceSchemaLocation="https://maven.apache.org/surefire/maven-surefire-plugin/xsd/surefire-test-report.xsd" name="com.tetris.TestTetris2" time="0.004" tests="21" errors="0" skipped="0" failures="2">
  <properties>
[...]
</properties>
  <testcase name="girar_piezalLeft_derecha" classname="com.tetris.TestTetris2" time="0"/>
  <testcase name="girar_piezaStick_random" classname="com.tetris.TestTetris2" time="0">
    <failure type="java.lang.AssertionError">java.lang.AssertionError
	at com.tetris.TestTetris2.girar_piezaStick_random(TestTetris2.java:320)
</failure>
  </testcase>
  <testcase name="girar_palo_Der" classname="com.tetris.TestTetris2" time="0"/>
  <testcase name="girar_palo_izq" classname="com.tetris.TestTetris2" time="0"/>
  <testcase name="girar_piezalLeft_izquierda" classname="com.tetris.TestTetris2" time="0"/>
  <testcase name="girar_piezaLRight_random" classname="com.tetris.TestTetris2" time="0"/>
  <testcase name="girar_piezaT_random" classname="com.tetris.TestTetris2" time="0">
    <failure type="java.lang.AssertionError">java.lang.AssertionError
	at com.tetris.TestTetris2.girar_piezaT_random(TestTetris2.java:260)
</failure>
  </testcase>
  <testcase name="girar_DogLeft_derecha" classname="com.tetris.TestTetris2" time="0"/>
  <testcase name="girar_piezalDer_izq" classname="com.tetris.TestTetris2" time="0.001"/>
  <testcase name="girar_DogRight_izquierda" classname="com.tetris.TestTetris2" time="0"/>
  <testcase name="girar_piezaT_izquierda" classname="com.tetris.TestTetris2" time="0"/>
  <testcase name="girar_cubo_prueba" classname="com.tetris.TestTetris2" time="0"/>
  <testcase name="girar_DogLeft_izquierda" classname="com.tetris.TestTetris2" time="0"/>
  <testcase name="girar_piezaT_derecha" classname="com.tetris.TestTetris2" time="0"/>
  <testcase name="girar_palo_Der_dos_veces" classname="com.tetris.TestTetris2" time="0.001"/>
  <testcase name="girar_piezaSquare_random" classname="com.tetris.TestTetris2" time="0"/>
  <testcase name="girar_piezaLleft_random" classname="com.tetris.TestTetris2" time="0"/>
  <testcase name="girar_piezalDer_derecha" classname="com.tetris.TestTetris2" time="0"/>
  <testcase name="girar_piezaDogRight_random" classname="com.tetris.TestTetris2" time="0.001"/>
  <testcase name="girar_2_veces_piezaStick_random" classname="com.tetris.TestTetris2" time="0"/>
  <testcase name="girar_DogRight_derecha" classname="com.tetris.TestTetris2" time="0"/>
</testsuite>