<?xml version="1.0" encoding="UTF-8"?>
<testsuite xmlns:xsi="http://www.w3.org/2001/XMLSchema-instance" xsi:noNamespaceSchemaLocation="https://maven.apache.org/surefire/maven-surefire-plugin/xsd/surefire-test-report.xsd" name="com.tetris.TestTetris2" time="0.238" tests="14" errors="0" skipped="0" failures="0">
  <properties>
[...]
</properties>
  <testcase name="girar_piezalLeft_derecha" classname="com.tetris.TestTetris2" time="0"/>
  <testcase name="girar_palo_Der" classname="com.tetris.TestTetris2" time="0.017"/>
  <testcase name="girar_palo_izq" classname="com.tetris.TestTetris2" time="0"/>
  <testcase name="girar_piezalLeft_izquierda" classname="com.tetris.TestTetris2" time="0"/>
  <testcase name="girar_DogLeft_derecha" classname="com.tetris.TestTetris2" time="0"/>
  <testcase name="girar_piezalDer_izq" classname="com.tetris.TestTetris2" time="0"/>
  <testcase name="girar_DogRight_izquierda" classname="com.tetris.TestTetris2" time="0"/>
  <testcase name="girar_piezaT_izquierda" classname="com.tetris.TestTetris2" time="0"/>
  <testcase name="girar_cubo_prueba" classname="com.tetris.TestTetris2" time="0"/>
  <testcase name="girar_DogLeft_izquierda" classname="com.tetris.TestTetris2" time="0"/>
  <testcase name="girar_piezaT_derecha" classname="com.tetris.TestTetris2" time="0"/>
  <testcase name="girar_palo_Der_dos_veces" classname="com.tetris.TestTetris2" time="0"/>
  <testcase name="girar_piezalDer_derecha" classname="com.tetris.TestTetris2" time="0"/>
  <testcase name="girar_DogRight_derecha" classname="com.tetris.TestTetris2" time="0"/>
</testsuite>